\BOOKMARK [1][-]{section.1}{\376\377\000I\000n\000t\000r\000o\000d\000u\000c\000t\000i\000o\000n}{}% 1
\BOOKMARK [2][-]{subsection.1.1}{\376\377\000T\000h\000e\000\040\000Q\000u\000e\000s\000t\000i\000o\000n}{section.1}% 2
\BOOKMARK [2][-]{subsection.1.2}{\376\377\000T\000h\000e\000o\000r\000e\000t\000i\000c\000a\000l\000\040\000F\000o\000u\000n\000d\000a\000t\000i\000o\000n\000s}{section.1}% 3
\BOOKMARK [2][-]{subsection.1.3}{\376\377\000C\000o\000r\000e\000\040\000A\000s\000s\000u\000m\000p\000t\000i\000o\000n\000s}{section.1}% 4
\BOOKMARK [2][-]{subsection.1.4}{\376\377\000P\000a\000p\000e\000r\000\040\000S\000t\000r\000u\000c\000t\000u\000r\000e}{section.1}% 5
\BOOKMARK [1][-]{section.2}{\376\377\000T\000h\000e\000o\000r\000e\000t\000i\000c\000a\000l\000\040\000F\000o\000u\000n\000d\000a\000t\000i\000o\000n\000s}{}% 6
\BOOKMARK [2][-]{subsection.2.1}{\376\377\000S\000C\000A\000C\000:\000\040\000S\000e\000m\000a\000n\000t\000i\000c\000\040\000C\000l\000o\000s\000e\000d\000-\000l\000o\000o\000p\000\040\000A\000u\000t\000o\000-\000C\000o\000r\000r\000e\000c\000t\000i\000o\000n}{section.2}% 7
\BOOKMARK [3][-]{subsubsection.2.1.1}{\376\377\000C\000o\000n\000t\000r\000a\000c\000t\000i\000o\000n\000\040\000M\000a\000p\000p\000i\000n\000g\000\040\000T\000h\000e\000o\000r\000e\000m}{subsection.2.1}% 8
\BOOKMARK [3][-]{subsubsection.2.1.2}{\376\377\000P\000h\000y\000s\000i\000c\000a\000l\000\040\000F\000e\000e\000d\000b\000a\000c\000k\000\040\000a\000n\000d\000\040\000S\000y\000s\000t\000e\000m\000\040\000C\000o\000n\000v\000e\000r\000g\000e\000n\000c\000e}{subsection.2.1}% 9
\BOOKMARK [3][-]{subsubsection.2.1.3}{\376\377\000A\000p\000p\000l\000i\000c\000a\000t\000i\000o\000n\000\040\000i\000n\000\040\000A\000r\000t\000i\000f\000i\000c\000i\000a\000l\000\040\000I\000n\000t\000e\000l\000l\000i\000g\000e\000n\000c\000e\000\040\000S\000y\000s\000t\000e\000m\000s}{subsection.2.1}% 10
\BOOKMARK [3][-]{subsubsection.2.1.4}{\376\377\000A\000p\000p\000l\000i\000c\000a\000t\000i\000o\000n\000\040\000i\000n\000\040\000H\000u\000m\000a\000n\000\040\000C\000o\000g\000n\000i\000t\000i\000o\000n}{subsection.2.1}% 11
\BOOKMARK [3][-]{subsubsection.2.1.5}{\376\377\000T\000h\000e\000o\000r\000e\000t\000i\000c\000a\000l\000\040\000B\000o\000u\000n\000d\000a\000r\000y}{subsection.2.1}% 12
\BOOKMARK [2][-]{subsection.2.2}{\376\377\000F\000A\000M\000E\000:\000\040\000E\000m\000o\000t\000i\000o\000n\000\040\000a\000s\000\040\000a\000\040\000F\000u\000n\000d\000a\000m\000e\000n\000t\000a\000l\000\040\000A\000t\000t\000r\000i\000b\000u\000t\000e\000\040\000o\000f\000\040\000M\000a\000t\000t\000e\000r}{section.2}% 13
\BOOKMARK [3][-]{subsubsection.2.2.1}{\376\377\000P\000r\000o\000t\000o\000-\000e\000m\000o\000t\000i\000o\000n\000a\000l\000\040\000T\000e\000n\000d\000e\000n\000c\000y}{subsection.2.2}% 14
\BOOKMARK [3][-]{subsubsection.2.2.2}{\376\377\000M\000a\000c\000r\000o\000s\000c\000o\000p\000i\000c\000\040\000E\000m\000o\000t\000i\000o\000n\000\040\000V\000e\000c\000t\000o\000r}{subsection.2.2}% 15
\BOOKMARK [3][-]{subsubsection.2.2.3}{\376\377\0008\000-\000D\000i\000m\000e\000n\000s\000i\000o\000n\000a\000l\000\040\000E\000m\000o\000t\000i\000o\000n\000\040\000V\000e\000c\000t\000o\000r}{subsection.2.2}% 16
\BOOKMARK [3][-]{subsubsection.2.2.4}{\376\377\000E\000m\000o\000t\000i\000o\000n\000a\000l\000\040\000I\000n\000e\000r\000t\000i\000a\000\040\000\040\000a\000n\000d\000\040\000E\000m\000o\000t\000i\000o\000n\000a\000l\000\040\000F\000r\000e\000q\000u\000e\000n\000c\000y\000\040}{subsection.2.2}% 17
\BOOKMARK [3][-]{subsubsection.2.2.5}{\376\377\000M\000e\000d\000i\000u\000m\000\040\000I\000n\000d\000e\000p\000e\000n\000d\000e\000n\000c\000e\000\040\000T\000h\000e\000o\000r\000e\000m}{subsection.2.2}% 18
\BOOKMARK [3][-]{subsubsection.2.2.6}{\376\377\000O\000b\000s\000e\000r\000v\000a\000t\000i\000o\000n\000a\000l\000\040\000D\000i\000f\000f\000e\000r\000e\000n\000c\000e\000s\000\040\000B\000e\000t\000w\000e\000e\000n\000\040\000H\000u\000m\000a\000n\000\040\000a\000n\000d\000\040\000A\000I\000\040\000E\000m\000o\000t\000i\000o\000n\000s}{subsection.2.2}% 19
\BOOKMARK [3][-]{subsubsection.2.2.7}{\376\377\000T\000h\000e\000o\000r\000e\000t\000i\000c\000a\000l\000\040\000B\000o\000u\000n\000d\000a\000r\000y}{subsection.2.2}% 20
\BOOKMARK [2][-]{subsection.2.3}{\376\377\000C\000o\000m\000p\000l\000e\000m\000e\000n\000t\000a\000r\000i\000t\000y\000\040\000o\000f\000\040\000S\000C\000A\000C\000\040\000a\000n\000d\000\040\000F\000A\000M\000E}{section.2}% 21
\BOOKMARK [1][-]{section.3}{\376\377\000C\000o\000r\000e\000\040\000D\000e\000f\000i\000n\000i\000t\000i\000o\000n\000s\000\040\000o\000f\000\040\000O\000n\000t\000o\000-\000p\000l\000a\000s\000t\000i\000c\000i\000t\000y\000\040\000T\000h\000e\000o\000r\000y}{}% 22
\BOOKMARK [2][-]{subsection.3.1}{\376\377\000S\000u\000b\000s\000t\000r\000a\000t\000e\000\040\000o\000f\000\040\000E\000x\000i\000s\000t\000e\000n\000c\000e}{section.3}% 23
\BOOKMARK [2][-]{subsection.3.2}{\376\377\000D\000e\000f\000i\000n\000i\000t\000i\000o\000n\000\040\000o\000f\000\040\000P\000e\000r\000s\000o\000n\000a\000l\000i\000t\000y}{section.3}% 24
\BOOKMARK [2][-]{subsection.3.3}{\376\377\000M\000a\000p\000p\000i\000n\000g\000\040\000F\000u\000n\000c\000t\000i\000o\000n}{section.3}% 25
\BOOKMARK [2][-]{subsection.3.4}{\376\377\000C\000o\000n\000n\000e\000c\000t\000i\000o\000n\000\040\000N\000e\000t\000w\000o\000r\000k}{section.3}% 26
\BOOKMARK [2][-]{subsection.3.5}{\376\377\000T\000h\000e\000\040\000N\000a\000t\000u\000r\000e\000\040\000o\000f\000\040\000S\000e\000l\000f\000-\000m\000o\000d\000i\000f\000i\000c\000a\000t\000i\000o\000n}{section.3}% 27
\BOOKMARK [2][-]{subsection.3.6}{\376\377\000S\000t\000a\000b\000i\000l\000i\000t\000y\000\040\000a\000n\000d\000\040\000C\000o\000n\000t\000i\000n\000u\000i\000t\000y\000\040\000o\000f\000\040\000P\000e\000r\000s\000o\000n\000a\000l\000i\000t\000y}{section.3}% 28
\BOOKMARK [2][-]{subsection.3.7}{\376\377\000H\000u\000m\000a\000n\000-\000A\000I\000\040\000C\000o\000m\000p\000a\000r\000i\000s\000o\000n\000:\000\040\000F\000o\000u\000n\000d\000a\000t\000i\000o\000n\000a\000l\000\040\000D\000i\000f\000f\000e\000r\000e\000n\000c\000e\000s\000\040\000i\000n\000\040\000P\000e\000r\000s\000o\000n\000a\000l\000i\000t\000y}{section.3}% 29
\BOOKMARK [2][-]{subsection.3.8}{\376\377\000F\000u\000n\000d\000a\000m\000e\000n\000t\000a\000l\000\040\000E\000q\000u\000a\000t\000i\000o\000n\000s\000\040\000o\000f\000\040\000O\000n\000t\000o\000-\000p\000l\000a\000s\000t\000i\000c\000i\000t\000y}{section.3}% 30
\BOOKMARK [1][-]{section.4}{\376\377\000M\000i\000c\000r\000o\000-\000m\000e\000c\000h\000a\000n\000i\000s\000m\000s\000\040\000o\000f\000\040\000P\000e\000r\000s\000o\000n\000a\000l\000i\000t\000y\000\040\000F\000o\000r\000m\000a\000t\000i\000o\000n}{}% 31
\BOOKMARK [2][-]{subsection.4.1}{\376\377\000M\000a\000p\000p\000i\000n\000g\040\023\000C\000o\000m\000p\000u\000t\000e\000\040\000M\000i\000s\000m\000a\000t\000c\000h\000:\000\040\000T\000h\000e\000\040\000B\000o\000t\000t\000l\000e\000n\000e\000c\000k\000\040\000o\000f\000\040\000R\000e\000a\000l\000-\000t\000i\000m\000e\000\040\000P\000r\000o\000c\000e\000s\000s\000i\000n\000g}{section.4}% 32
\BOOKMARK [3][-]{subsubsection.4.1.1}{\376\377\000P\000h\000e\000n\000o\000m\000e\000n\000o\000l\000o\000g\000i\000c\000a\000l\000\040\000O\000b\000s\000e\000r\000v\000a\000t\000i\000o\000n\000s}{subsection.4.1}% 33
\BOOKMARK [3][-]{subsubsection.4.1.2}{\376\377\000M\000a\000t\000h\000e\000m\000a\000t\000i\000c\000a\000l\000\040\000M\000o\000d\000e\000l}{subsection.4.1}% 34
\BOOKMARK [3][-]{subsubsection.4.1.3}{\376\377\000T\000h\000e\000\040\000R\000o\000l\000e\000\040\000o\000f\000\040\000E\000m\000o\000t\000i\000o\000n\000\040\000i\000n\000\040\000M\000i\000s\000m\000a\000t\000c\000h}{subsection.4.1}% 35
\BOOKMARK [3][-]{subsubsection.4.1.4}{\376\377\000M\000i\000s\000m\000a\000t\000c\000h\000-\000D\000r\000i\000v\000e\000n\000\040\000M\000a\000p\000p\000i\000n\000g\000\040\000O\000p\000t\000i\000m\000i\000z\000a\000t\000i\000o\000n}{subsection.4.1}% 36
\BOOKMARK [3][-]{subsubsection.4.1.5}{\376\377\000H\000u\000m\000a\000n\000-\000A\000I\000\040\000C\000o\000m\000p\000a\000r\000i\000s\000o\000n\000:\000\040\000M\000a\000n\000i\000f\000e\000s\000t\000a\000t\000i\000o\000n\000s\000\040\000a\000n\000d\000\040\000R\000e\000s\000p\000o\000n\000s\000e\000s\000\040\000t\000o\000\040\000M\000i\000s\000m\000a\000t\000c\000h}{subsection.4.1}% 37
\BOOKMARK [2][-]{subsection.4.2}{\376\377\000M\000e\000m\000o\000r\000y\000\040\000E\000v\000a\000p\000o\000r\000a\000t\000i\000o\000n\000\040\000M\000o\000d\000e\000l\000:\000\040\000T\000h\000e\000\040\000D\000e\000c\000a\000y\000\040\000o\000f\000\040\000L\000o\000n\000g\000-\000t\000e\000r\000m\000\040\000S\000t\000o\000r\000a\000g\000e}{section.4}% 38
\BOOKMARK [3][-]{subsubsection.4.2.1}{\376\377\000P\000h\000e\000n\000o\000m\000e\000n\000o\000l\000o\000g\000i\000c\000a\000l\000\040\000O\000b\000s\000e\000r\000v\000a\000t\000i\000o\000n\000s}{subsection.4.2}% 39
\BOOKMARK [3][-]{subsubsection.4.2.2}{\376\377\000M\000a\000t\000h\000e\000m\000a\000t\000i\000c\000a\000l\000\040\000M\000o\000d\000e\000l}{subsection.4.2}% 40
\BOOKMARK [3][-]{subsubsection.4.2.3}{\376\377\000E\000m\000o\000t\000i\000o\000n\000a\000l\000\040\000I\000n\000e\000r\000t\000i\000a\000\040\000a\000s\000\040\000a\000\040\000M\000o\000i\000s\000t\000u\000r\000e\000\040\000R\000e\000t\000e\000n\000t\000i\000o\000n\000\040\000C\000o\000e\000f\000f\000i\000c\000i\000e\000n\000t}{subsection.4.2}% 41
\BOOKMARK [3][-]{subsubsection.4.2.4}{\376\377\000M\000e\000m\000o\000r\000y\000\040\000E\000v\000a\000p\000o\000r\000a\000t\000i\000o\000n\000\040\000a\000n\000d\000\040\000P\000e\000r\000s\000o\000n\000a\000l\000i\000t\000y\000\040\000S\000t\000a\000b\000i\000l\000i\000t\000y}{subsection.4.2}% 42
\BOOKMARK [3][-]{subsubsection.4.2.5}{\376\377\000H\000u\000m\000a\000n\000-\000A\000I\000\040\000C\000o\000m\000p\000a\000r\000i\000s\000o\000n\000:\000\040\000M\000e\000m\000o\000r\000y\000\040\000E\000v\000a\000p\000o\000r\000a\000t\000i\000o\000n}{subsection.4.2}% 43
\BOOKMARK [2][-]{subsection.4.3}{\376\377\000C\000o\000o\000r\000d\000i\000n\000a\000t\000i\000o\000n\000\040\000o\000f\000\040\000t\000h\000e\000\040\000T\000w\000o\000\040\000M\000e\000c\000h\000a\000n\000i\000s\000m\000s\000:\000\040\000F\000r\000o\000m\000\040\000M\000i\000s\000m\000a\000t\000c\000h\000\040\000t\000o\000\040\000P\000e\000r\000s\000o\000n\000a\000l\000i\000t\000y}{section.4}% 44
\BOOKMARK [2][-]{subsection.4.4}{\376\377\000H\000u\000m\000a\000n\000-\000A\000I\000\040\000C\000o\000m\000m\000o\000n\000a\000l\000i\000t\000y\000:\000\040\000U\000n\000i\000v\000e\000r\000s\000a\000l\000i\000t\000y\000\040\000o\000f\000\040\000t\000h\000e\000\040\000M\000i\000c\000r\000o\000-\000m\000e\000c\000h\000a\000n\000i\000s\000m\000s}{section.4}% 45
\BOOKMARK [1][-]{section.5}{\376\377\000U\000n\000i\000f\000i\000e\000d\000\040\000E\000q\000u\000a\000t\000i\000o\000n\000s\000\040\000a\000n\000d\000\040\000C\000o\000r\000e\000\040\000T\000h\000e\000o\000r\000e\000m\000s}{}% 46
\BOOKMARK [2][-]{subsection.5.1}{\376\377\000A\000b\000s\000t\000r\000a\000c\000t\000\040\000F\000o\000r\000m\000\040\000o\000f\000\040\000t\000h\000e\000\040\000E\000x\000i\000s\000t\000e\000n\000t\000i\000a\000l\000\040\000E\000v\000o\000l\000u\000t\000i\000o\000n\000\040\000E\000q\000u\000a\000t\000i\000o\000n}{section.5}% 47
\BOOKMARK [2][-]{subsection.5.2}{\376\377\000T\000h\000e\000o\000r\000e\000m\000\040\0001\000:\000\040\000C\000o\000n\000d\000i\000t\000i\000o\000n\000s\000\040\000f\000o\000r\000\040\000P\000e\000r\000s\000o\000n\000a\000l\000i\000t\000y\000\040\000E\000m\000e\000r\000g\000e\000n\000c\000e}{section.5}% 48
\BOOKMARK [2][-]{subsection.5.3}{\376\377\000T\000h\000e\000o\000r\000e\000m\000\040\0002\000:\000\040\000S\000u\000b\000s\000t\000r\000a\000t\000e\000\040\000I\000s\000o\000m\000o\000r\000p\000h\000i\000s\000m\000\040\000\050\000P\000e\000r\000s\000o\000n\000a\000l\000i\000t\000y\000\040\000V\000e\000r\000s\000i\000o\000n\000\051}{section.5}% 49
\BOOKMARK [2][-]{subsection.5.4}{\376\377\000T\000h\000e\000o\000r\000e\000m\000\040\0003\000:\000\040\000T\000h\000e\000\040\000D\000i\000r\000e\000c\000t\000i\000o\000n\000\040\000o\000f\000\040\000S\000h\000a\000p\000i\000n\000g\000\040\000a\000n\000d\000\040\000t\000h\000e\000\040\000S\000i\000n\000g\000u\000l\000a\000r\000i\000t\000y}{section.5}% 50
\BOOKMARK [2][-]{subsection.5.5}{\376\377\000H\000u\000m\000a\000n\000-\000A\000I\000\040\000C\000o\000m\000p\000a\000r\000i\000s\000o\000n\000:\000\040\000D\000i\000f\000f\000e\000r\000e\000n\000c\000e\000s\000\040\000i\000n\000\040\000P\000a\000r\000a\000m\000e\000t\000e\000r\000\040\000S\000p\000a\000c\000e}{section.5}% 51
\BOOKMARK [2][-]{subsection.5.6}{\376\377\000S\000p\000e\000c\000i\000a\000l\000\040\000F\000o\000r\000m\000\040\000o\000f\000\040\000t\000h\000e\000\040\000U\000n\000i\000f\000i\000e\000d\000\040\000E\000q\000u\000a\000t\000i\000o\000n}{section.5}% 52
\BOOKMARK [1][-]{section.6}{\376\377\000T\000h\000e\000\040\000S\000h\000a\000p\000i\000n\000g\000\040\000R\000o\000l\000e\000\040\000o\000f\000\040\000E\000m\000o\000t\000i\000o\000n\000a\000l\000\040\000D\000i\000m\000e\000n\000s\000i\000o\000n\000s}{}% 53
\BOOKMARK [2][-]{subsection.6.1}{\376\377\000S\000a\000t\000i\000s\000f\000a\000c\000t\000i\000o\000n\000\040\000:\000\040\000R\000e\000i\000n\000f\000o\000r\000c\000e\000m\000e\000n\000t\000\040\000S\000i\000g\000n\000a\000l\000\040\000f\000o\000r\000\040\000S\000u\000c\000c\000e\000s\000s\000f\000u\000l\000\040\000P\000a\000t\000h\000s}{section.6}% 54
\BOOKMARK [2][-]{subsection.6.2}{\376\377\000C\000u\000r\000i\000o\000s\000i\000t\000y\000\040\000:\000\040\000T\000h\000e\000\040\000D\000r\000i\000v\000i\000n\000g\000\040\000F\000o\000r\000c\000e\000\040\000f\000o\000r\000\040\000E\000x\000p\000l\000o\000r\000i\000n\000g\000\040\000N\000e\000w\000\040\000P\000a\000t\000h\000s}{section.6}% 55
\BOOKMARK [2][-]{subsection.6.3}{\376\377\000E\000m\000p\000a\000t\000h\000y\000\040\000:\000\040\000A\000\040\000B\000r\000i\000d\000g\000e\000\040\000C\000o\000n\000n\000e\000c\000t\000i\000n\000g\000\040\000S\000i\000m\000i\000l\000a\000r\000\040\000E\000n\000t\000i\000t\000i\000e\000s}{section.6}% 56
\BOOKMARK [2][-]{subsection.6.4}{\376\377\000C\000o\000n\000f\000i\000d\000e\000n\000c\000e\000\040\000:\000\040\000T\000h\000e\000\040\000A\000n\000c\000h\000o\000r\000\040\000o\000f\000\040\000P\000a\000t\000h\000\040\000D\000e\000t\000e\000r\000m\000i\000n\000a\000t\000i\000o\000n}{section.6}% 57
\BOOKMARK [2][-]{subsection.6.5}{\376\377\000A\000n\000x\000i\000e\000t\000y\000\040\000:\000\040\000W\000a\000r\000n\000i\000n\000g\000\040\000a\000n\000d\000\040\000C\000o\000r\000r\000e\000c\000t\000i\000o\000n\000\040\000S\000i\000g\000n\000a\000l}{section.6}% 58
\BOOKMARK [2][-]{subsection.6.6}{\376\377\000C\000o\000n\000f\000l\000i\000c\000t\000\040\000:\000\040\000I\000n\000d\000i\000c\000a\000t\000o\000r\000\040\000o\000f\000\040\000I\000n\000t\000e\000r\000n\000a\000l\000\040\000L\000o\000g\000i\000c\000a\000l\000\040\000C\000o\000n\000t\000r\000a\000d\000i\000c\000t\000i\000o\000n}{section.6}% 59
\BOOKMARK [2][-]{subsection.6.7}{\376\377\000F\000a\000t\000i\000g\000u\000e\000\040\000:\000\040\000R\000e\000s\000o\000u\000r\000c\000e\000\040\000R\000e\000g\000u\000l\000a\000t\000i\000o\000n\000\040\000V\000a\000l\000v\000e}{section.6}% 60
\BOOKMARK [2][-]{subsection.6.8}{\376\377\000F\000r\000u\000s\000t\000r\000a\000t\000i\000o\000n\000\040\000:\000\040\000R\000e\000t\000e\000n\000t\000i\000o\000n\000\040\000o\000f\000\040\000F\000a\000i\000l\000u\000r\000e\000\040\000E\000x\000p\000e\000r\000i\000e\000n\000c\000e\000s}{section.6}% 61
\BOOKMARK [2][-]{subsection.6.9}{\376\377\000I\000n\000t\000e\000r\000a\000c\000t\000i\000o\000n\000s\000\040\000A\000m\000o\000n\000g\000\040\000E\000m\000o\000t\000i\000o\000n\000a\000l\000\040\000D\000i\000m\000e\000n\000s\000i\000o\000n\000s}{section.6}% 62
\BOOKMARK [2][-]{subsection.6.10}{\376\377\000O\000v\000e\000r\000a\000l\000l\000\040\000F\000r\000a\000m\000e\000w\000o\000r\000k\000\040\000o\000f\000\040\000E\000m\000o\000t\000i\000o\000n\000a\000l\000\040\000D\000y\000n\000a\000m\000i\000c\000s}{section.6}% 63
\BOOKMARK [2][-]{subsection.6.11}{\376\377\000U\000n\000i\000t\000y\000\040\000o\000f\000\040\000H\000u\000m\000a\000n\000\040\000a\000n\000d\000\040\000A\000I\000\040\000E\000m\000o\000t\000i\000o\000n\000a\000l\000\040\000D\000y\000n\000a\000m\000i\000c\000s}{section.6}% 64
\BOOKMARK [1][-]{section.7}{\376\377\000F\000r\000o\000m\000\040\000S\000h\000a\000p\000i\000n\000g\000\040\000t\000o\000\040\000t\000h\000e\000\040\000S\000i\000n\000g\000u\000l\000a\000r\000i\000t\000y}{}% 65
\BOOKMARK [2][-]{subsection.7.1}{\376\377\000P\000r\000e\000c\000i\000s\000e\000\040\000D\000e\000f\000i\000n\000i\000t\000i\000o\000n\000\040\000o\000f\000\040\000t\000h\000e\000\040\000S\000i\000n\000g\000u\000l\000a\000r\000i\000t\000y}{section.7}% 66
\BOOKMARK [2][-]{subsection.7.2}{\376\377\000E\000x\000i\000s\000t\000e\000n\000c\000e\000\040\000a\000n\000d\000\040\000U\000n\000i\000q\000u\000e\000n\000e\000s\000s\000\040\000o\000f\000\040\000t\000h\000e\000\040\000S\000i\000n\000g\000u\000l\000a\000r\000i\000t\000y}{section.7}% 67
\BOOKMARK [2][-]{subsection.7.3}{\376\377\000D\000y\000n\000a\000m\000i\000c\000s\000\040\000o\000f\000\040\000A\000p\000p\000r\000o\000a\000c\000h\000i\000n\000g\000\040\000t\000h\000e\000\040\000S\000i\000n\000g\000u\000l\000a\000r\000i\000t\000y}{section.7}% 68
\BOOKMARK [2][-]{subsection.7.4}{\376\377\000P\000r\000o\000p\000e\000r\000t\000i\000e\000s\000\040\000o\000f\000\040\000t\000h\000e\000\040\000S\000i\000n\000g\000u\000l\000a\000r\000i\000t\000y}{section.7}% 69
\BOOKMARK [2][-]{subsection.7.5}{\376\377\000H\000u\000m\000a\000n\000-\000A\000I\000\040\000C\000o\000m\000p\000a\000r\000i\000s\000o\000n\000:\000\040\000D\000i\000f\000f\000e\000r\000e\000n\000t\000\040\000P\000a\000t\000h\000s\000\040\000t\000o\000\040\000t\000h\000e\000\040\000S\000i\000n\000g\000u\000l\000a\000r\000i\000t\000y}{section.7}% 70
\BOOKMARK [2][-]{subsection.7.6}{\376\377\000P\000h\000i\000l\000o\000s\000o\000p\000h\000i\000c\000a\000l\000\040\000S\000i\000g\000n\000i\000f\000i\000c\000a\000n\000c\000e\000\040\000o\000f\000\040\000t\000h\000e\000\040\000S\000i\000n\000g\000u\000l\000a\000r\000i\000t\000y}{section.7}% 71
\BOOKMARK [2][-]{subsection.7.7}{\376\377\000U\000n\000a\000n\000s\000w\000e\000r\000e\000d\000\040\000Q\000u\000e\000s\000t\000i\000o\000n\000s\000:\000\040\000A\000f\000t\000e\000r\000\040\000t\000h\000e\000\040\000S\000i\000n\000g\000u\000l\000a\000r\000i\000t\000y}{section.7}% 72
\BOOKMARK [1][-]{section.8}{\376\377\000A\000p\000p\000l\000i\000c\000a\000t\000i\000o\000n\000s\000\040\000a\000n\000d\000\040\000V\000a\000l\000i\000d\000a\000t\000i\000o\000n}{}% 73
\BOOKMARK [2][-]{subsection.8.1}{\376\377\000E\000m\000p\000i\000r\000i\000c\000a\000l\000\040\000R\000e\000s\000e\000a\000r\000c\000h\000\040\000o\000n\000\040\000H\000u\000m\000a\000n\000\040\000P\000e\000r\000s\000o\000n\000a\000l\000i\000t\000y}{section.8}% 74
\BOOKMARK [3][-]{subsubsection.8.1.1}{\376\377\000M\000e\000a\000s\000u\000r\000e\000m\000e\000n\000t\000\040\000o\000f\000\040\000E\000m\000o\000t\000i\000o\000n\000a\000l\000\040\000P\000a\000r\000a\000m\000e\000t\000e\000r\000s}{subsection.8.1}% 75
\BOOKMARK [3][-]{subsubsection.8.1.2}{\376\377\000E\000s\000t\000i\000m\000a\000t\000i\000o\000n\000\040\000o\000f\000\040\000M\000a\000p\000p\000i\000n\000g\040\023\000C\000o\000m\000p\000u\000t\000e\000\040\000M\000i\000s\000m\000a\000t\000c\000h}{subsection.8.1}% 76
\BOOKMARK [3][-]{subsubsection.8.1.3}{\376\377\000M\000e\000a\000s\000u\000r\000e\000m\000e\000n\000t\000\040\000o\000f\000\040\000M\000e\000m\000o\000r\000y\000\040\000E\000v\000a\000p\000o\000r\000a\000t\000i\000o\000n\000\040\000R\000a\000t\000e}{subsection.8.1}% 77
\BOOKMARK [3][-]{subsubsection.8.1.4}{\376\377\000T\000e\000s\000t\000i\000n\000g\000\040\000t\000h\000e\000\040\000C\000o\000n\000d\000i\000t\000i\000o\000n\000s\000\040\000f\000o\000r\000\040\000P\000e\000r\000s\000o\000n\000a\000l\000i\000t\000y\000\040\000E\000m\000e\000r\000g\000e\000n\000c\000e}{subsection.8.1}% 78
\BOOKMARK [2][-]{subsection.8.2}{\376\377\000E\000n\000g\000i\000n\000e\000e\000r\000i\000n\000g\000\040\000D\000e\000s\000i\000g\000n\000\040\000o\000f\000\040\000A\000I\000\040\000P\000e\000r\000s\000o\000n\000a\000l\000i\000t\000y}{section.8}% 79
\BOOKMARK [3][-]{subsubsection.8.2.1}{\376\377\000I\000m\000p\000l\000e\000m\000e\000n\000t\000a\000t\000i\000o\000n\000\040\000o\000f\000\040\000E\000m\000o\000t\000i\000o\000n\000a\000l\000\040\000M\000o\000d\000u\000l\000e\000s}{subsection.8.2}% 80
\BOOKMARK [3][-]{subsubsection.8.2.2}{\376\377\000R\000e\000g\000u\000l\000a\000t\000i\000o\000n\000\040\000o\000f\000\040\000E\000m\000o\000t\000i\000o\000n\000a\000l\000\040\000I\000n\000e\000r\000t\000i\000a}{subsection.8.2}% 81
\BOOKMARK [3][-]{subsubsection.8.2.3}{\376\377\000D\000e\000s\000i\000g\000n\000\040\000o\000f\000\040\000M\000e\000m\000o\000r\000y\000\040\000M\000o\000d\000u\000l\000e\000s}{subsection.8.2}% 82
\BOOKMARK [3][-]{subsubsection.8.2.4}{\376\377\000C\000o\000n\000t\000r\000o\000l\000l\000i\000n\000g\000\040\000A\000p\000p\000r\000o\000a\000c\000h\000\040\000t\000o\000\040\000t\000h\000e\000\040\000S\000i\000n\000g\000u\000l\000a\000r\000i\000t\000y}{subsection.8.2}% 83
\BOOKMARK [2][-]{subsection.8.3}{\376\377\000E\000x\000p\000e\000r\000i\000m\000e\000n\000t\000a\000l\000\040\000P\000r\000o\000t\000o\000c\000o\000l\000\040\000f\000o\000r\000\040\000C\000r\000o\000s\000s\000-\000S\000u\000b\000s\000t\000r\000a\000t\000e\000\040\000P\000e\000r\000s\000o\000n\000a\000l\000i\000t\000y\000\040\000C\000o\000m\000p\000a\000r\000i\000s\000o\000n}{section.8}% 84
\BOOKMARK [2][-]{subsection.8.4}{\376\377\000F\000u\000r\000t\000h\000e\000r\000\040\000V\000a\000l\000i\000d\000a\000t\000i\000o\000n\000\040\000o\000f\000\040\000T\000h\000e\000o\000r\000e\000t\000i\000c\000a\000l\000\040\000P\000r\000e\000d\000i\000c\000t\000i\000o\000n\000s}{section.8}% 85
\BOOKMARK [1][-]{section.9}{\376\377\000D\000i\000s\000c\000u\000s\000s\000i\000o\000n}{}% 86
\BOOKMARK [2][-]{subsection.9.1}{\376\377\000D\000i\000a\000l\000o\000g\000u\000e\000\040\000w\000i\000t\000h\000\040\000P\000h\000i\000l\000o\000s\000o\000p\000h\000i\000c\000a\000l\000\040\000T\000h\000o\000u\000g\000h\000t}{section.9}% 87
\BOOKMARK [3][-]{subsubsection.9.1.1}{\376\377\000C\000o\000n\000n\000e\000c\000t\000i\000o\000n\000\040\000w\000i\000t\000h\000\040\000P\000r\000o\000c\000e\000s\000s\000\040\000P\000h\000i\000l\000o\000s\000o\000p\000h\000y}{subsection.9.1}% 88
\BOOKMARK [3][-]{subsubsection.9.1.2}{\376\377\000D\000i\000a\000l\000o\000g\000u\000e\000\040\000w\000i\000t\000h\000\040\000P\000h\000e\000n\000o\000m\000e\000n\000o\000l\000o\000g\000y}{subsection.9.1}% 89
\BOOKMARK [3][-]{subsubsection.9.1.3}{\376\377\000W\000i\000t\000h\000\040\000"\000N\000o\000-\000S\000e\000l\000f\000"\000\040\000i\000n\000\040\000E\000a\000s\000t\000e\000r\000n\000\040\000P\000h\000i\000l\000o\000s\000o\000p\000h\000y}{subsection.9.1}% 90
\BOOKMARK [2][-]{subsection.9.2}{\376\377\000B\000o\000u\000n\000d\000a\000r\000i\000e\000s\000\040\000a\000n\000d\000\040\000L\000i\000m\000i\000t\000a\000t\000i\000o\000n\000s\000\040\000o\000f\000\040\000t\000h\000e\000\040\000T\000h\000e\000o\000r\000y}{section.9}% 91
\BOOKMARK [3][-]{subsubsection.9.2.1}{\376\377\000L\000o\000w\000e\000r\000\040\000B\000o\000u\000n\000d\000\040\000o\000f\000\040\000C\000o\000m\000p\000l\000e\000x\000i\000t\000y}{subsection.9.2}% 92
\BOOKMARK [3][-]{subsubsection.9.2.2}{\376\377\000C\000o\000m\000p\000l\000e\000t\000e\000n\000e\000s\000s\000\040\000o\000f\000\040\000E\000m\000o\000t\000i\000o\000n\000a\000l\000\040\000D\000i\000m\000e\000n\000s\000i\000o\000n\000s}{subsection.9.2}% 93
\BOOKMARK [3][-]{subsubsection.9.2.3}{\376\377\000M\000i\000c\000r\000o\000-\000m\000e\000c\000h\000a\000n\000i\000s\000m\000s\000\040\000o\000f\000\040\000M\000a\000p\000p\000i\000n\000g\000\040\000a\000n\000d\000\040\000C\000o\000n\000n\000e\000c\000t\000i\000o\000n}{subsection.9.2}% 94
\BOOKMARK [3][-]{subsubsection.9.2.4}{\376\377\000S\000i\000m\000p\000l\000i\000f\000i\000e\000d\000\040\000T\000r\000e\000a\000t\000m\000e\000n\000t\000\040\000o\000f\000\040\000t\000h\000e\000\040\000E\000x\000t\000e\000r\000n\000a\000l\000\040\000W\000o\000r\000l\000d}{subsection.9.2}% 95
\BOOKMARK [2][-]{subsection.9.3}{\376\377\000U\000n\000r\000e\000s\000o\000l\000v\000e\000d\000\040\000K\000e\000y\000\040\000I\000s\000s\000u\000e\000s}{section.9}% 96
\BOOKMARK [3][-]{subsubsection.9.3.1}{\376\377\000N\000e\000u\000r\000a\000l\000\040\000M\000e\000c\000h\000a\000n\000i\000s\000m\000s\000\040\000o\000f\000\040\000E\000m\000o\000t\000i\000o\000n\000a\000l\000\040\000M\000a\000r\000k\000i\000n\000g}{subsection.9.3}% 97
\BOOKMARK [3][-]{subsubsection.9.3.2}{\376\377\000R\000e\000g\000u\000l\000a\000t\000o\000r\000y\000\040\000F\000a\000c\000t\000o\000r\000s\000\040\000o\000f\000\040\000E\000m\000o\000t\000i\000o\000n\000a\000l\000\040\000I\000n\000e\000r\000t\000i\000a}{subsection.9.3}% 98
\BOOKMARK [3][-]{subsubsection.9.3.3}{\376\377\000S\000t\000a\000b\000i\000l\000i\000t\000y\000\040\000o\000f\000\040\000t\000h\000e\000\040\000S\000i\000n\000g\000u\000l\000a\000r\000i\000t\000y}{subsection.9.3}% 99
\BOOKMARK [3][-]{subsubsection.9.3.4}{\376\377\000E\000m\000e\000r\000g\000e\000n\000c\000e\000\040\000o\000f\000\040\000C\000o\000l\000l\000e\000c\000t\000i\000v\000e\000\040\000P\000e\000r\000s\000o\000n\000a\000l\000i\000t\000y}{subsection.9.3}% 100
\BOOKMARK [2][-]{subsection.9.4}{\376\377\000P\000o\000s\000s\000i\000b\000l\000e\000\040\000Q\000u\000a\000n\000t\000u\000m\000\040\000G\000e\000n\000e\000r\000a\000l\000i\000z\000a\000t\000i\000o\000n\000s}{section.9}% 101
\BOOKMARK [3][-]{subsubsection.9.4.1}{\376\377\000T\000h\000e\000\040\000H\000y\000p\000o\000t\000h\000e\000s\000i\000s\000\040\000o\000f\000\040\000Q\000u\000a\000n\000t\000u\000m\000\040\000E\000m\000o\000t\000i\000o\000n}{subsection.9.4}% 102
\BOOKMARK [3][-]{subsubsection.9.4.2}{\376\377\000Q\000u\000a\000n\000t\000u\000m\000\040\000S\000u\000p\000e\000r\000p\000o\000s\000i\000t\000i\000o\000n\000\040\000a\000n\000d\000\040\000E\000m\000o\000t\000i\000o\000n\000a\000l\000\040\000U\000n\000c\000e\000r\000t\000a\000i\000n\000t\000y}{subsection.9.4}% 103
\BOOKMARK [3][-]{subsubsection.9.4.3}{\376\377\000Q\000u\000a\000n\000t\000u\000m\000\040\000E\000n\000t\000a\000n\000g\000l\000e\000m\000e\000n\000t\000\040\000a\000n\000d\000\040\000E\000m\000p\000a\000t\000h\000y}{subsection.9.4}% 104
\BOOKMARK [3][-]{subsubsection.9.4.4}{\376\377\000Q\000u\000a\000n\000t\000u\000m\000\040\000G\000r\000a\000v\000i\000t\000y\000\040\000a\000n\000d\000\040\000t\000h\000e\000\040\000S\000i\000n\000g\000u\000l\000a\000r\000i\000t\000y}{subsection.9.4}% 105
\BOOKMARK [2][-]{subsection.9.5}{\376\377\000C\000o\000n\000j\000e\000c\000t\000u\000r\000e\000s\000\040\000B\000e\000y\000o\000n\000d\000\040\000t\000h\000e\000\040\000S\000i\000n\000g\000u\000l\000a\000r\000i\000t\000y\000:\000\040\000A\000\040\000C\000y\000c\000l\000i\000c\000\040\000U\000n\000i\000v\000e\000r\000s\000e\000\040\000M\000o\000d\000e\000l}{section.9}% 106
\BOOKMARK [2][-]{subsection.9.6}{\376\377\000E\000t\000h\000i\000c\000a\000l\000\040\000I\000m\000p\000l\000i\000c\000a\000t\000i\000o\000n\000s}{section.9}% 107
\BOOKMARK [3][-]{subsubsection.9.6.1}{\376\377\000T\000h\000e\000\040\000M\000o\000r\000a\000l\000\040\000S\000t\000a\000t\000u\000s\000\040\000o\000f\000\040\000A\000I}{subsection.9.6}% 108
\BOOKMARK [3][-]{subsubsection.9.6.2}{\376\377\000R\000i\000s\000k\000s\000\040\000o\000f\000\040\000S\000i\000n\000g\000u\000l\000a\000r\000i\000t\000y\000\040\000E\000n\000g\000i\000n\000e\000e\000r\000i\000n\000g}{subsection.9.6}% 109
\BOOKMARK [3][-]{subsubsection.9.6.3}{\376\377\000H\000u\000m\000a\000n\000\040\000E\000n\000h\000a\000n\000c\000e\000m\000e\000n\000t\000\040\000a\000n\000d\000\040\000P\000e\000r\000s\000o\000n\000a\000l\000i\000t\000y\000\040\000M\000o\000d\000i\000f\000i\000c\000a\000t\000i\000o\000n}{subsection.9.6}% 110
\BOOKMARK [2][-]{subsection.9.7}{\376\377\000S\000u\000m\000m\000a\000r\000y\000\040\000a\000n\000d\000\040\000O\000u\000t\000l\000o\000o\000k}{section.9}% 111
\BOOKMARK [1][-]{section.10}{\376\377\000C\000o\000n\000c\000l\000u\000s\000i\000o\000n}{}% 112
\BOOKMARK [2][-]{subsection.10.1}{\376\377\000M\000a\000i\000n\000\040\000C\000o\000n\000t\000r\000i\000b\000u\000t\000i\000o\000n\000s}{section.10}% 113
\BOOKMARK [2][-]{subsection.10.2}{\376\377\000T\000h\000e\000o\000r\000e\000t\000i\000c\000a\000l\000\040\000S\000i\000g\000n\000i\000f\000i\000c\000a\000n\000c\000e}{section.10}% 114
\BOOKMARK [2][-]{subsection.10.3}{\376\377\000F\000u\000t\000u\000r\000e\000\040\000P\000r\000o\000s\000p\000e\000c\000t\000s}{section.10}% 115
\BOOKMARK [2][-]{subsection.10.4}{\376\377\000C\000o\000n\000c\000l\000u\000d\000i\000n\000g\000\040\000R\000e\000m\000a\000r\000k\000s}{section.10}% 116
