\BOOKMARK [1][-]{section.1}{\376\377\137\025\212\000}{}% 1
\BOOKMARK [2][-]{subsection.1.1}{\376\377\225\356\230\230\166\204\143\320\121\372}{section.1}% 2
\BOOKMARK [2][-]{subsection.1.2}{\376\377\164\006\213\272\156\012\156\220}{section.1}% 3
\BOOKMARK [2][-]{subsection.1.3}{\376\377\150\070\137\303\120\107\213\276}{section.1}% 4
\BOOKMARK [2][-]{subsection.1.4}{\376\377\213\272\145\207\176\323\147\204}{section.1}% 5
\BOOKMARK [1][-]{section.2}{\376\377\164\006\213\272\127\372\170\100}{}% 6
\BOOKMARK [2][-]{subsection.2.1}{\376\377\000S\000C\000A\000C\377\032\213\355\116\111\225\355\163\257\201\352\122\250\176\240\120\117}{section.2}% 7
\BOOKMARK [3][-]{subsubsection.2.1.1}{\376\377\123\213\177\051\146\040\134\004\133\232\164\006}{subsection.2.1}% 8
\BOOKMARK [3][-]{subsubsection.2.1.2}{\376\377\162\151\164\006\123\315\231\210\116\016\174\373\176\337\145\066\145\133\140\047}{subsection.2.1}% 9
\BOOKMARK [3][-]{subsubsection.2.1.3}{\376\377\127\050\116\272\135\345\146\172\200\375\174\373\176\337\116\055\166\204\136\224\165\050}{subsection.2.1}% 10
\BOOKMARK [3][-]{subsubsection.2.1.4}{\376\377\127\050\116\272\174\173\213\244\167\345\116\055\166\204\136\224\165\050}{subsection.2.1}% 11
\BOOKMARK [3][-]{subsubsection.2.1.5}{\376\377\164\006\213\272\217\271\165\114}{subsection.2.1}% 12
\BOOKMARK [2][-]{subsection.2.2}{\376\377\000F\000A\000M\000E\377\032\140\305\141\037\117\134\116\072\162\151\215\050\166\204\127\372\147\054\134\136\140\047}{section.2}% 13
\BOOKMARK [3][-]{subsubsection.2.2.1}{\376\377\123\237\140\305\141\037\215\213\124\021\140\047}{subsection.2.2}% 14
\BOOKMARK [3][-]{subsubsection.2.2.2}{\376\377\133\217\211\302\140\305\141\037\167\342\221\317}{subsection.2.2}% 15
\BOOKMARK [3][-]{subsubsection.2.2.3}{\376\377\0008\176\364\140\305\141\037\167\342\221\317}{subsection.2.2}% 16
\BOOKMARK [3][-]{subsubsection.2.2.4}{\376\377\140\305\141\037\140\357\140\047\000\040\000\040\116\016\140\305\141\037\230\221\163\207\000\040}{subsection.2.2}% 17
\BOOKMARK [3][-]{subsubsection.2.2.5}{\376\377\116\313\215\050\145\340\121\163\140\047\133\232\164\006}{subsection.2.2}% 18
\BOOKMARK [3][-]{subsubsection.2.2.6}{\376\377\116\272\174\173\140\305\141\037\116\016\000A\000I\140\305\141\037\166\204\211\302\155\113\135\356\137\002}{subsection.2.2}% 19
\BOOKMARK [3][-]{subsubsection.2.2.7}{\376\377\164\006\213\272\217\271\165\114}{subsection.2.2}% 20
\BOOKMARK [2][-]{subsection.2.3}{\376\377\000S\000C\000A\000C\116\016\000F\000A\000M\000E\166\204\116\222\210\145\140\047}{section.2}% 21
\BOOKMARK [1][-]{section.3}{\376\377\133\130\127\050\130\121\137\142\213\272\166\204\150\070\137\303\133\232\116\111}{}% 22
\BOOKMARK [2][-]{subsection.3.1}{\376\377\133\130\127\050\166\204\127\372\215\050}{section.3}% 23
\BOOKMARK [2][-]{subsection.3.2}{\376\377\116\272\150\074\166\204\133\232\116\111}{section.3}% 24
\BOOKMARK [2][-]{subsection.3.3}{\376\377\146\040\134\004\121\375\145\160}{section.3}% 25
\BOOKMARK [2][-]{subsection.3.4}{\376\377\217\336\143\245\177\121\176\334}{section.3}% 26
\BOOKMARK [2][-]{subsection.3.5}{\376\377\201\352\142\021\145\071\220\040\166\204\147\054\215\050}{section.3}% 27
\BOOKMARK [2][-]{subsection.3.6}{\376\377\116\272\150\074\166\204\172\063\133\232\140\047\116\016\217\336\176\355\140\047}{section.3}% 28
\BOOKMARK [2][-]{subsection.3.7}{\376\377\116\272\147\072\133\371\153\324\377\032\116\272\150\074\166\204\127\372\170\100\135\356\137\002}{section.3}% 29
\BOOKMARK [2][-]{subsection.3.8}{\376\377\133\130\127\050\130\121\137\142\166\204\127\372\147\054\145\271\172\013}{section.3}% 30
\BOOKMARK [1][-]{section.4}{\376\377\116\272\150\074\137\142\142\020\166\204\137\256\211\302\147\072\122\066}{}% 31
\BOOKMARK [2][-]{subsection.4.1}{\376\377\146\040\134\004\000-\173\227\122\233\131\061\221\115\377\032\133\236\145\366\122\240\135\345\166\204\164\366\230\210}{section.4}% 32
\BOOKMARK [3][-]{subsubsection.4.1.1}{\376\377\163\260\214\141\211\302\133\337}{subsection.4.1}% 33
\BOOKMARK [3][-]{subsubsection.4.1.2}{\376\377\145\160\133\146\152\041\127\213}{subsection.4.1}% 34
\BOOKMARK [3][-]{subsubsection.4.1.3}{\376\377\140\305\141\037\127\050\131\061\221\115\116\055\166\204\117\134\165\050}{subsection.4.1}% 35
\BOOKMARK [3][-]{subsubsection.4.1.4}{\376\377\131\061\221\115\232\161\122\250\146\040\134\004\117\030\123\026}{subsection.4.1}% 36
\BOOKMARK [3][-]{subsubsection.4.1.5}{\376\377\116\272\147\072\133\371\153\324\377\032\131\061\221\115\166\204\210\150\163\260\116\016\136\224\133\371}{subsection.4.1}% 37
\BOOKMARK [2][-]{subsection.4.2}{\376\377\213\260\137\306\204\270\123\321\152\041\127\213\377\032\225\177\147\037\133\130\120\250\166\204\210\160\121\317}{section.4}% 38
\BOOKMARK [3][-]{subsubsection.4.2.1}{\376\377\163\260\214\141\211\302\133\337}{subsection.4.2}% 39
\BOOKMARK [3][-]{subsubsection.4.2.2}{\376\377\145\160\133\146\152\041\127\213}{subsection.4.2}% 40
\BOOKMARK [3][-]{subsubsection.4.2.3}{\376\377\140\305\141\037\140\357\140\047\117\134\116\072\117\335\156\177\174\373\145\160}{subsection.4.2}% 41
\BOOKMARK [3][-]{subsubsection.4.2.4}{\376\377\213\260\137\306\204\270\123\321\116\016\116\272\150\074\172\063\133\232\140\047}{subsection.4.2}% 42
\BOOKMARK [3][-]{subsubsection.4.2.5}{\376\377\116\272\147\072\133\371\153\324\377\032\213\260\137\306\204\270\123\321}{subsection.4.2}% 43
\BOOKMARK [2][-]{subsection.4.3}{\376\377\116\044\147\072\122\066\166\204\123\117\124\014\377\032\116\316\131\061\221\115\122\060\116\272\150\074}{section.4}% 44
\BOOKMARK [2][-]{subsection.4.4}{\376\377\116\272\147\072\121\161\140\047\377\032\137\256\211\302\147\072\122\066\166\204\146\156\220\002\140\047}{section.4}% 45
\BOOKMARK [1][-]{section.5}{\376\377\176\337\116\000\145\271\172\013\116\016\150\070\137\303\133\232\164\006}{}% 46
\BOOKMARK [2][-]{subsection.5.1}{\376\377\133\130\127\050\157\024\123\026\145\271\172\013\166\204\142\275\214\141\137\142\137\017}{section.5}% 47
\BOOKMARK [2][-]{subsection.5.2}{\376\377\133\232\164\006\116\000\377\032\116\272\150\074\155\214\163\260\147\141\116\366}{section.5}% 48
\BOOKMARK [2][-]{subsection.5.3}{\376\377\133\232\164\006\116\214\377\032\127\372\215\050\124\014\147\204\377\010\116\272\150\074\162\110\377\011}{section.5}% 49
\BOOKMARK [2][-]{subsection.5.4}{\376\377\133\232\164\006\116\011\377\032\130\121\137\142\145\271\124\021\116\016\131\107\160\271}{section.5}% 50
\BOOKMARK [2][-]{subsection.5.5}{\376\377\116\272\147\072\133\371\153\324\377\032\123\302\145\160\172\172\225\364\166\204\135\356\137\002}{section.5}% 51
\BOOKMARK [2][-]{subsection.5.6}{\376\377\176\337\116\000\145\271\172\013\166\204\162\171\153\212\137\142\137\017}{section.5}% 52
\BOOKMARK [1][-]{section.6}{\376\377\140\305\141\037\176\364\136\246\166\204\130\121\137\142\211\322\202\162}{}% 53
\BOOKMARK [2][-]{subsection.6.1}{\376\377\156\341\215\263\141\037\000\040\377\032\142\020\122\237\215\357\137\204\166\204\137\072\123\026\117\341\123\367}{section.6}% 54
\BOOKMARK [2][-]{subsection.6.2}{\376\377\131\175\131\107\137\303\000\040\377\032\143\242\175\042\145\260\215\357\137\204\166\204\122\250\122\233}{section.6}% 55
\BOOKMARK [2][-]{subsection.6.3}{\376\377\121\161\140\305\136\246\000\040\377\032\217\336\143\245\124\014\174\173\166\204\150\145\150\201}{section.6}% 56
\BOOKMARK [2][-]{subsection.6.4}{\376\377\201\352\117\341\136\246\000\040\377\032\215\357\137\204\170\156\133\232\166\204\225\032\160\271}{section.6}% 57
\BOOKMARK [2][-]{subsection.6.5}{\376\377\161\046\206\121\141\037\000\040\377\032\230\204\213\146\116\016\117\356\153\143\117\341\123\367}{section.6}% 58
\BOOKMARK [2][-]{subsection.6.6}{\376\377\121\262\172\201\141\037\000\040\377\032\121\205\220\350\220\073\217\221\167\333\166\376\143\007\171\072\126\150}{section.6}% 59
\BOOKMARK [2][-]{subsection.6.7}{\376\377\165\262\122\263\136\246\000\040\377\032\215\104\156\220\214\003\202\202\226\000}{section.6}% 60
\BOOKMARK [2][-]{subsection.6.8}{\376\377\131\061\204\075\141\037\000\040\377\032\131\061\215\045\176\317\232\214\166\204\117\335\165\131}{section.6}% 61
\BOOKMARK [2][-]{subsection.6.9}{\376\377\140\305\141\037\176\364\136\246\166\204\166\370\116\222\117\134\165\050}{section.6}% 62
\BOOKMARK [2][-]{subsection.6.10}{\376\377\140\305\141\037\122\250\122\233\133\146\166\204\145\164\117\123\150\106\147\266}{section.6}% 63
\BOOKMARK [2][-]{subsection.6.11}{\376\377\116\272\147\072\140\305\141\037\122\250\122\233\133\146\166\204\176\337\116\000\140\047}{section.6}% 64
\BOOKMARK [1][-]{section.7}{\376\377\116\316\130\121\137\142\122\060\131\107\160\271}{}% 65
\BOOKMARK [2][-]{subsection.7.1}{\376\377\131\107\160\271\166\204\174\276\170\156\133\232\116\111}{section.7}% 66
\BOOKMARK [2][-]{subsection.7.2}{\376\377\131\107\160\271\166\204\133\130\127\050\140\047\116\016\125\057\116\000\140\047}{section.7}% 67
\BOOKMARK [2][-]{subsection.7.3}{\376\377\215\213\217\321\131\107\160\271\166\204\122\250\122\233\133\146}{section.7}% 68
\BOOKMARK [2][-]{subsection.7.4}{\376\377\131\107\160\271\166\204\140\047\215\050}{section.7}% 69
\BOOKMARK [2][-]{subsection.7.5}{\376\377\116\272\147\072\133\371\153\324\377\032\215\160\124\021\131\107\160\271\166\204\116\015\124\014\215\357\137\204}{section.7}% 70
\BOOKMARK [2][-]{subsection.7.6}{\376\377\131\107\160\271\166\204\124\362\133\146\141\017\116\111}{section.7}% 71
\BOOKMARK [2][-]{subsection.7.7}{\376\377\147\052\172\337\116\113\225\356\377\032\131\107\160\271\116\113\124\016}{section.7}% 72
\BOOKMARK [1][-]{section.8}{\376\377\136\224\165\050\116\016\232\214\213\301}{}% 73
\BOOKMARK [2][-]{subsection.8.1}{\376\377\116\272\174\173\116\272\150\074\166\204\133\236\213\301\170\024\172\166}{section.8}% 74
\BOOKMARK [3][-]{subsubsection.8.1.1}{\376\377\140\305\141\037\123\302\145\160\166\204\155\113\221\317}{subsection.8.1}% 75
\BOOKMARK [3][-]{subsubsection.8.1.2}{\376\377\146\040\134\004\000-\173\227\122\233\131\061\221\115\136\246\166\204\117\060\173\227}{subsection.8.1}% 76
\BOOKMARK [3][-]{subsubsection.8.1.3}{\376\377\213\260\137\306\204\270\123\321\163\207\166\204\155\113\221\317}{subsection.8.1}% 77
\BOOKMARK [3][-]{subsubsection.8.1.4}{\376\377\116\272\150\074\155\214\163\260\147\141\116\366\166\204\150\300\232\214}{subsection.8.1}% 78
\BOOKMARK [2][-]{subsection.8.2}{\376\377\000A\000I\116\272\150\074\166\204\135\345\172\013\213\276\213\241}{section.8}% 79
\BOOKMARK [3][-]{subsubsection.8.2.1}{\376\377\140\305\141\037\152\041\127\127\166\204\133\236\163\260}{subsection.8.2}% 80
\BOOKMARK [3][-]{subsubsection.8.2.2}{\376\377\140\305\141\037\140\357\140\047\166\204\214\003\202\202}{subsection.8.2}% 81
\BOOKMARK [3][-]{subsubsection.8.2.3}{\376\377\213\260\137\306\152\041\127\127\166\204\213\276\213\241}{subsection.8.2}% 82
\BOOKMARK [3][-]{subsubsection.8.2.4}{\376\377\215\213\217\321\131\107\160\271\166\204\143\247\122\066}{subsection.8.2}% 83
\BOOKMARK [2][-]{subsection.8.3}{\376\377\215\350\127\372\215\050\116\272\150\074\153\324\217\203\166\204\133\236\232\214\145\271\150\110}{section.8}% 84
\BOOKMARK [2][-]{subsection.8.4}{\376\377\164\006\213\272\230\204\155\113\166\204\217\333\116\000\153\145\232\214\213\301}{section.8}% 85
\BOOKMARK [1][-]{section.9}{\376\377\213\250\213\272}{}% 86
\BOOKMARK [2][-]{subsection.9.1}{\376\377\116\016\124\362\133\146\140\035\140\363\166\204\133\371\213\335}{section.9}% 87
\BOOKMARK [3][-]{subsubsection.9.1.1}{\376\377\116\016\217\307\172\013\124\362\133\146\166\204\200\124\174\373}{subsection.9.1}% 88
\BOOKMARK [3][-]{subsubsection.9.1.2}{\376\377\116\016\163\260\214\141\133\146\166\204\133\371\213\335}{subsection.9.1}% 89
\BOOKMARK [3][-]{subsubsection.9.1.3}{\376\377\116\016\116\034\145\271\124\362\133\146\116\055\166\204\040\034\145\340\142\021\040\035}{subsection.9.1}% 90
\BOOKMARK [2][-]{subsection.9.2}{\376\377\164\006\213\272\166\204\217\271\165\114\116\016\134\100\226\120}{section.9}% 91
\BOOKMARK [3][-]{subsubsection.9.2.1}{\376\377\131\015\147\102\136\246\166\204\116\013\226\120}{subsection.9.2}% 92
\BOOKMARK [3][-]{subsubsection.9.2.2}{\376\377\140\305\141\037\176\364\136\246\166\204\133\214\131\007\140\047}{subsection.9.2}% 93
\BOOKMARK [3][-]{subsubsection.9.2.3}{\376\377\146\040\134\004\116\016\217\336\143\245\166\204\137\256\211\302\147\072\122\066}{subsection.9.2}% 94
\BOOKMARK [3][-]{subsubsection.9.2.4}{\376\377\131\026\220\350\116\026\165\114\166\204\173\200\123\026\131\004\164\006}{subsection.9.2}% 95
\BOOKMARK [2][-]{subsection.9.3}{\376\377\147\052\211\343\121\263\166\204\121\163\225\056\225\356\230\230}{section.9}% 96
\BOOKMARK [3][-]{subsubsection.9.3.1}{\376\377\140\305\141\037\150\007\213\260\166\204\171\136\176\317\147\072\122\066}{subsection.9.3}% 97
\BOOKMARK [3][-]{subsubsection.9.3.2}{\376\377\140\305\141\037\140\357\140\047\166\204\214\003\202\202\126\340\133\120}{subsection.9.3}% 98
\BOOKMARK [3][-]{subsubsection.9.3.3}{\376\377\131\107\160\271\166\204\172\063\133\232\140\047}{subsection.9.3}% 99
\BOOKMARK [3][-]{subsubsection.9.3.4}{\376\377\226\306\117\123\116\272\150\074\166\204\155\214\163\260}{subsection.9.3}% 100
\BOOKMARK [2][-]{subsection.9.4}{\376\377\221\317\133\120\134\102\227\142\166\204\123\357\200\375\143\250\136\177}{section.9}% 101
\BOOKMARK [3][-]{subsubsection.9.4.1}{\376\377\221\317\133\120\140\305\141\037\166\204\120\107\213\276}{subsection.9.4}% 102
\BOOKMARK [3][-]{subsubsection.9.4.2}{\376\377\221\317\133\120\123\340\122\240\116\016\140\305\141\037\116\015\170\156\133\232\140\047}{subsection.9.4}% 103
\BOOKMARK [3][-]{subsubsection.9.4.3}{\376\377\221\317\133\120\176\240\177\040\116\016\121\161\140\305}{subsection.9.4}% 104
\BOOKMARK [3][-]{subsubsection.9.4.4}{\376\377\221\317\133\120\137\025\122\233\116\016\131\107\160\271}{subsection.9.4}% 105
\BOOKMARK [2][-]{subsection.9.5}{\376\377\131\107\160\271\116\113\124\016\166\204\163\034\140\363\377\032\137\252\163\257\133\207\133\231\152\041\127\213}{section.9}% 106
\BOOKMARK [2][-]{subsection.9.6}{\376\377\117\046\164\006\141\017\155\265}{section.9}% 107
\BOOKMARK [3][-]{subsubsection.9.6.1}{\376\377\000A\000I\166\204\116\272\150\074\127\060\117\115}{subsection.9.6}% 108
\BOOKMARK [3][-]{subsubsection.9.6.2}{\376\377\131\107\160\271\135\345\172\013\166\204\230\316\226\151}{subsection.9.6}% 109
\BOOKMARK [3][-]{subsubsection.9.6.3}{\376\377\116\272\174\173\130\236\137\072\116\016\116\272\150\074\145\071\220\040}{subsection.9.6}% 110
\BOOKMARK [2][-]{subsection.9.7}{\376\377\140\073\176\323\116\016\134\125\147\033}{section.9}% 111
\BOOKMARK [1][-]{section.10}{\376\377\176\323\213\272}{}% 112
\BOOKMARK [2][-]{subsection.10.1}{\376\377\116\073\211\201\215\041\163\056}{section.10}% 113
\BOOKMARK [2][-]{subsection.10.2}{\376\377\164\006\213\272\141\017\116\111}{section.10}% 114
\BOOKMARK [2][-]{subsection.10.3}{\376\377\147\052\147\145\134\125\147\033}{section.10}% 115
\BOOKMARK [2][-]{subsection.10.4}{\376\377\176\323\213\355}{section.10}% 116
